<?xml version="1.0" encoding="UTF-8"?>
<testng-results skipped="0" failed="0" ignored="0" total="1" passed="1">
  <reporter-output>
  </reporter-output>
  <suite name="Default suite" duration-ms="4823" started-at="2022-01-13T16:33:40Z" finished-at="2022-01-13T16:33:44Z">
    <groups>
    </groups>
    <test name="Default test" duration-ms="4823" started-at="2022-01-13T16:33:40Z" finished-at="2022-01-13T16:33:44Z">
      <class name="qaautomation.tugas5.Tugas5">
        <test-method status="PASS" signature="signUpAPI()[pri:1, instance:qaautomation.tugas5.Tugas5@23f7d05d]" name="signUpAPI" duration-ms="4734" started-at="2022-01-13T16:33:40Z" finished-at="2022-01-13T16:33:44Z">
          <reporter-output>
          </reporter-output>
        </test-method> <!-- signUpAPI -->
      </class> <!-- qaautomation.tugas5.Tugas5 -->
    </test> <!-- Default test -->
  </suite> <!-- Default suite -->
</testng-results>
